<!DOCTYPE html PUBLIC "-//W3C//DTD XHTML 1.1//EN" "https://www.w3.org/TR/xhtml11/DTD/xhtml11.dtd">
<html xmlns="https://www.w3.org/1999/xhtml">
<head>
<meta http-equiv="content-type" content="text/html; charset=UTF-8"/>
<title>TestNG Report</title>
<style type="text/css">table {margin-bottom:10px;border-collapse:collapse;empty-cells:show}th,td {border:1px solid #009;padding:.25em .5em}th {vertical-align:bottom}td {vertical-align:top}table a {font-weight:bold}.stripe td {background-color: #E6EBF9}.num {text-align:right}.passedodd td {background-color: #3F3}.passedeven td {background-color: #0A0}.skippedodd td {background-color: #DDD}.skippedeven td {background-color: #CCC}.failedodd td,.attn {background-color: #F33}.failedeven td,.stripe .attn {background-color: #D00}.stacktrace {white-space:pre;font-family:monospace}.totop {font-size:85%;text-align:center;border-bottom:2px solid #000}.invisible {display:none}</style>
</head>
<body>
<table>
<tr><th>Test</th><th># Passed</th><th># Skipped</th><th># Retried</th><th># Failed</th><th>Time (ms)</th><th>Included Groups</th><th>Excluded Groups</th></tr>
<tr><th colspan="8">Suite</th></tr>
<tr><td><a href="#t0">Test</a></td><td class="num">0</td><td class="num attn">1</td><td class="num">0</td><td class="num attn">15</td><td class="num">74,340</td><td>PL2</td><td></td></tr>
</table>
<table id='summary'><thead><tr><th>Class</th><th>Method</th><th>Start</th><th>Time (ms)</th></tr></thead><tbody><tr><th colspan="4">Suite</th></tr></tbody><tbody id="t0"><tr><th colspan="4">Test &#8212; failed</th></tr><tr class="failedeven"><td rowspan="15">testcases.RestAssured_TestCases_PL2</td><td><a href="#m0">ActivatePharmacyCountTest</a></td><td rowspan="1">1735911018896</td><td rowspan="1">807</td></tr><tr class="failedeven"><td><a href="#m1">AdmittedPatientsData</a></td><td rowspan="1">1735911030267</td><td rowspan="1">1</td></tr><tr class="failedeven"><td><a href="#m2">AppointApplicDeptTest</a></td><td rowspan="1">1735911026596</td><td rowspan="1">3</td></tr><tr class="failedeven"><td><a href="#m3">BookingListTest</a></td><td rowspan="1">1735911007017</td><td rowspan="1">2019</td></tr><tr class="failedeven"><td><a href="#m4">DeactivatePharmCountTest</a></td><td rowspan="1">1735911023517</td><td rowspan="1">6</td></tr><tr class="failedeven"><td><a href="#m5">EditDepartment</a></td><td rowspan="1">1735911044867</td><td rowspan="1">757</td></tr><tr class="failedeven"><td><a href="#m6">GetDepartments</a></td><td rowspan="1">1735911041725</td><td rowspan="1">49</td></tr><tr class="failedeven"><td><a href="#m7">GetImagingTypes</a></td><td rowspan="1">1735911048747</td><td rowspan="1">20</td></tr><tr class="failedeven"><td><a href="#m8">GetProfileDataByEmployeeId</a></td><td rowspan="1">1735911033436</td><td rowspan="1">2060</td></tr><tr class="failedeven"><td><a href="#m9">GetSignatoriesByDepartment</a></td><td rowspan="1">1735911051865</td><td rowspan="1">3</td></tr><tr class="failedeven"><td><a href="#m10">MainStoreTest</a></td><td rowspan="1">1735911012482</td><td rowspan="1">3</td></tr><tr class="failedeven"><td><a href="#m11">PharmacyStoreTest</a></td><td rowspan="1">1735911015596</td><td rowspan="1">10</td></tr><tr class="failedeven"><td><a href="#m12">addANewDepartment</a></td><td rowspan="1">1735911038626</td><td rowspan="1">2</td></tr><tr class="failedeven"><td><a href="#m13">createAppointmentTest</a></td><td rowspan="1">1735910984104</td><td rowspan="1">8214</td></tr><tr class="failedeven"><td><a href="#m14">searchPatientTest</a></td><td rowspan="1">1735911003662</td><td rowspan="1">16</td></tr><tr><th colspan="4">Test &#8212; skipped</th></tr><tr class="skippedeven"><td rowspan="1">testcases.RestAssured_TestCases_PL2</td><td><a href="#m15">cancelAppointmentTest</a></td><td rowspan="1">1735911055095</td><td rowspan="1">0</td></tr></tbody>
</table>
<h2>Test</h2><h3 id="m0">testcases.RestAssured_TestCases_PL2#ActivatePharmacyCountTest</h3><table class="result"><tr><th>Exception</th></tr><tr><td><div class="stacktrace">java.lang.AssertionError: Status code should be 200 OK. expected [200] but found [0]
	at testcases.RestAssured_TestCases_PL2.ActivatePharmacyCountTest(RestAssured_TestCases_PL2.java:308)
	at java.base/java.util.concurrent.ThreadPoolExecutor.runWorker(ThreadPoolExecutor.java:1136)
	at java.base/java.util.concurrent.ThreadPoolExecutor$Worker.run(ThreadPoolExecutor.java:635)
	at java.base/java.lang.Thread.run(Thread.java:833)
... Removed 18 stack frames</div></td></tr></table><p class="totop"><a href="#summary">back to summary</a></p>
<h3 id="m1">testcases.RestAssured_TestCases_PL2#AdmittedPatientsData</h3><table class="result"><tr><th>Exception</th></tr><tr><td><div class="stacktrace">java.lang.AssertionError: Status code should be 200 OK. expected [200] but found [0]
	at testcases.RestAssured_TestCases_PL2.AdmittedPatientsData(RestAssured_TestCases_PL2.java:417)
	at java.base/java.util.concurrent.ThreadPoolExecutor.runWorker(ThreadPoolExecutor.java:1136)
	at java.base/java.util.concurrent.ThreadPoolExecutor$Worker.run(ThreadPoolExecutor.java:635)
	at java.base/java.lang.Thread.run(Thread.java:833)
... Removed 18 stack frames</div></td></tr></table><p class="totop"><a href="#summary">back to summary</a></p>
<h3 id="m2">testcases.RestAssured_TestCases_PL2#AppointApplicDeptTest</h3><table class="result"><tr><th>Exception</th></tr><tr><td><div class="stacktrace">java.lang.AssertionError: Status code should be 200 OK. expected [200] but found [0]
	at testcases.RestAssured_TestCases_PL2.AppointApplicDeptTest(RestAssured_TestCases_PL2.java:376)
	at java.base/java.util.concurrent.ThreadPoolExecutor.runWorker(ThreadPoolExecutor.java:1136)
	at java.base/java.util.concurrent.ThreadPoolExecutor$Worker.run(ThreadPoolExecutor.java:635)
	at java.base/java.lang.Thread.run(Thread.java:833)
... Removed 18 stack frames</div></td></tr></table><p class="totop"><a href="#summary">back to summary</a></p>
<h3 id="m3">testcases.RestAssured_TestCases_PL2#BookingListTest</h3><table class="result"><tr><th>Exception</th></tr><tr><td><div class="stacktrace">java.lang.AssertionError: Status code should be 200 OK. expected [200] but found [0]
	at testcases.RestAssured_TestCases_PL2.BookingListTest(RestAssured_TestCases_PL2.java:182)
	at java.base/java.util.concurrent.ThreadPoolExecutor.runWorker(ThreadPoolExecutor.java:1136)
	at java.base/java.util.concurrent.ThreadPoolExecutor$Worker.run(ThreadPoolExecutor.java:635)
	at java.base/java.lang.Thread.run(Thread.java:833)
... Removed 18 stack frames</div></td></tr></table><p class="totop"><a href="#summary">back to summary</a></p>
<h3 id="m4">testcases.RestAssured_TestCases_PL2#DeactivatePharmCountTest</h3><table class="result"><tr><th>Exception</th></tr><tr><td><div class="stacktrace">java.lang.AssertionError: Status code should be 200 OK. expected [200] but found [0]
	at testcases.RestAssured_TestCases_PL2.DeactivatePharmCountTest(RestAssured_TestCases_PL2.java:342)
	at java.base/java.util.concurrent.ThreadPoolExecutor.runWorker(ThreadPoolExecutor.java:1136)
	at java.base/java.util.concurrent.ThreadPoolExecutor$Worker.run(ThreadPoolExecutor.java:635)
	at java.base/java.lang.Thread.run(Thread.java:833)
... Removed 18 stack frames</div></td></tr></table><p class="totop"><a href="#summary">back to summary</a></p>
<h3 id="m5">testcases.RestAssured_TestCases_PL2#EditDepartment</h3><table class="result"><tr><th>Exception</th></tr><tr><td><div class="stacktrace">java.lang.AssertionError: Status code should be 200 OK. expected [200] but found [0]
	at testcases.RestAssured_TestCases_PL2.EditDepartment(RestAssured_TestCases_PL2.java:661)
	at java.base/java.util.concurrent.ThreadPoolExecutor.runWorker(ThreadPoolExecutor.java:1136)
	at java.base/java.util.concurrent.ThreadPoolExecutor$Worker.run(ThreadPoolExecutor.java:635)
	at java.base/java.lang.Thread.run(Thread.java:833)
... Removed 18 stack frames</div></td></tr></table><p class="totop"><a href="#summary">back to summary</a></p>
<h3 id="m6">testcases.RestAssured_TestCases_PL2#GetDepartments</h3><table class="result"><tr><th>Exception</th></tr><tr><td><div class="stacktrace">java.lang.AssertionError: Status code should be 200 OK. expected [200] but found [0]
	at testcases.RestAssured_TestCases_PL2.GetDepartments(RestAssured_TestCases_PL2.java:561)
	at java.base/java.util.concurrent.ThreadPoolExecutor.runWorker(ThreadPoolExecutor.java:1136)
	at java.base/java.util.concurrent.ThreadPoolExecutor$Worker.run(ThreadPoolExecutor.java:635)
	at java.base/java.lang.Thread.run(Thread.java:833)
... Removed 18 stack frames</div></td></tr></table><p class="totop"><a href="#summary">back to summary</a></p>
<h3 id="m7">testcases.RestAssured_TestCases_PL2#GetImagingTypes</h3><table class="result"><tr><th>Exception</th></tr><tr><td><div class="stacktrace">java.lang.AssertionError: Status code should be 200 OK. expected [200] but found [0]
	at testcases.RestAssured_TestCases_PL2.GetImagingTypes(RestAssured_TestCases_PL2.java:701)
	at java.base/java.util.concurrent.ThreadPoolExecutor.runWorker(ThreadPoolExecutor.java:1136)
	at java.base/java.util.concurrent.ThreadPoolExecutor$Worker.run(ThreadPoolExecutor.java:635)
	at java.base/java.lang.Thread.run(Thread.java:833)
... Removed 18 stack frames</div></td></tr></table><p class="totop"><a href="#summary">back to summary</a></p>
<h3 id="m8">testcases.RestAssured_TestCases_PL2#GetProfileDataByEmployeeId</h3><table class="result"><tr><th>Exception</th></tr><tr><td><div class="stacktrace">java.lang.AssertionError: Status code should be 200 OK. expected [200] but found [0]
	at testcases.RestAssured_TestCases_PL2.GetProfileDataByEmployeeId(RestAssured_TestCases_PL2.java:471)
	at java.base/java.util.concurrent.ThreadPoolExecutor.runWorker(ThreadPoolExecutor.java:1136)
	at java.base/java.util.concurrent.ThreadPoolExecutor$Worker.run(ThreadPoolExecutor.java:635)
	at java.base/java.lang.Thread.run(Thread.java:833)
... Removed 18 stack frames</div></td></tr></table><p class="totop"><a href="#summary">back to summary</a></p>
<h3 id="m9">testcases.RestAssured_TestCases_PL2#GetSignatoriesByDepartment</h3><table class="result"><tr><th>Exception</th></tr><tr><td><div class="stacktrace">java.lang.AssertionError: Status code should be 200 OK. expected [200] but found [0]
	at testcases.RestAssured_TestCases_PL2.GetSignatoriesByDepartment(RestAssured_TestCases_PL2.java:740)
	at java.base/java.util.concurrent.ThreadPoolExecutor.runWorker(ThreadPoolExecutor.java:1136)
	at java.base/java.util.concurrent.ThreadPoolExecutor$Worker.run(ThreadPoolExecutor.java:635)
	at java.base/java.lang.Thread.run(Thread.java:833)
... Removed 18 stack frames</div></td></tr></table><p class="totop"><a href="#summary">back to summary</a></p>
<h3 id="m10">testcases.RestAssured_TestCases_PL2#MainStoreTest</h3><table class="result"><tr><th>Exception</th></tr><tr><td><div class="stacktrace">java.lang.AssertionError: Status code should be 200 OK. expected [200] but found [0]
	at testcases.RestAssured_TestCases_PL2.MainStoreTest(RestAssured_TestCases_PL2.java:223)
	at java.base/java.util.concurrent.ThreadPoolExecutor.runWorker(ThreadPoolExecutor.java:1136)
	at java.base/java.util.concurrent.ThreadPoolExecutor$Worker.run(ThreadPoolExecutor.java:635)
	at java.base/java.lang.Thread.run(Thread.java:833)
... Removed 18 stack frames</div></td></tr></table><p class="totop"><a href="#summary">back to summary</a></p>
<h3 id="m11">testcases.RestAssured_TestCases_PL2#PharmacyStoreTest</h3><table class="result"><tr><th>Exception</th></tr><tr><td><div class="stacktrace">java.lang.AssertionError: Status code should be 200 OK. expected [200] but found [0]
	at testcases.RestAssured_TestCases_PL2.PharmacyStoreTest(RestAssured_TestCases_PL2.java:260)
	at java.base/java.util.concurrent.ThreadPoolExecutor.runWorker(ThreadPoolExecutor.java:1136)
	at java.base/java.util.concurrent.ThreadPoolExecutor$Worker.run(ThreadPoolExecutor.java:635)
	at java.base/java.lang.Thread.run(Thread.java:833)
... Removed 18 stack frames</div></td></tr></table><p class="totop"><a href="#summary">back to summary</a></p>
<h3 id="m12">testcases.RestAssured_TestCases_PL2#addANewDepartment</h3><table class="result"><tr><th>Exception</th></tr><tr><td><div class="stacktrace">java.lang.AssertionError: Status code should be 200 OK. expected [200] but found [0]
	at testcases.RestAssured_TestCases_PL2.addANewDepartment(RestAssured_TestCases_PL2.java:527)
	at java.base/java.util.concurrent.ThreadPoolExecutor.runWorker(ThreadPoolExecutor.java:1136)
	at java.base/java.util.concurrent.ThreadPoolExecutor$Worker.run(ThreadPoolExecutor.java:635)
	at java.base/java.lang.Thread.run(Thread.java:833)
... Removed 18 stack frames</div></td></tr></table><p class="totop"><a href="#summary">back to summary</a></p>
<h3 id="m13">testcases.RestAssured_TestCases_PL2#createAppointmentTest</h3><table class="result"><tr><th>Exception</th></tr><tr><td><div class="stacktrace">java.lang.AssertionError: createAppointmentWithAuth must be implemented using Rest Assured methods only. expected [true] but found [false]
	at testcases.RestAssured_TestCases_PL2.createAppointmentTest(RestAssured_TestCases_PL2.java:53)
	at java.base/java.util.concurrent.ThreadPoolExecutor.runWorker(ThreadPoolExecutor.java:1136)
	at java.base/java.util.concurrent.ThreadPoolExecutor$Worker.run(ThreadPoolExecutor.java:635)
	at java.base/java.lang.Thread.run(Thread.java:833)
... Removed 15 stack frames</div></td></tr></table><p class="totop"><a href="#summary">back to summary</a></p>
<h3 id="m14">testcases.RestAssured_TestCases_PL2#searchPatientTest</h3><table class="result"><tr><th>Exception</th></tr><tr><td><div class="stacktrace">java.lang.AssertionError: Status code should be 200 OK. expected [200] but found [0]
	at testcases.RestAssured_TestCases_PL2.searchPatientTest(RestAssured_TestCases_PL2.java:131)
	at java.base/java.util.concurrent.ThreadPoolExecutor.runWorker(ThreadPoolExecutor.java:1136)
	at java.base/java.util.concurrent.ThreadPoolExecutor$Worker.run(ThreadPoolExecutor.java:635)
	at java.base/java.lang.Thread.run(Thread.java:833)
... Removed 18 stack frames</div></td></tr></table><p class="totop"><a href="#summary">back to summary</a></p>
<h3 id="m15">testcases.RestAssured_TestCases_PL2#cancelAppointmentTest</h3><table class="result"><tr><th>Exception</th></tr><tr><td><div class="stacktrace">java.lang.Throwable: Method testcases.RestAssured_TestCases_PL2.cancelAppointmentTest() on instance testcases.RestAssured_TestCases_PL2@23bff419 depends on not successfully finished methods 
[testcases.RestAssured_TestCases_PL2.createAppointmentTest() on instance testcases.RestAssured_TestCases_PL2@23bff419]
	at java.base/java.util.concurrent.ThreadPoolExecutor.runWorker(ThreadPoolExecutor.java:1136)
	at java.base/java.util.concurrent.ThreadPoolExecutor$Worker.run(ThreadPoolExecutor.java:635)
	at java.base/java.lang.Thread.run(Thread.java:833)
... Removed 3 stack frames</div></td></tr></table><p class="totop"><a href="#summary">back to summary</a></p>
</body>
</html>
